# JRE version: OpenJDK Runtime Environment (9.0) (build 9-internal+0-2016-04-14-195246.buildd.src)
# Java VM: OpenJDK 64-Bit Server VM (9-internal+0-2016-04-14-195246.buildd.src, mixed mode, tiered, compressed oops, g1 gc, linux-amd64)
Heap:
 garbage-first heap   total 737280K, used 82048K [0x00000000c0000000, 0x00000000c0101680, 0x0000000100000000)
  region size 1024K, 4 young (4096K), 4 survivors (4096K)
 Metaspace       used 7464K, capacity 7592K, committed 7680K, reserved 1056768K
  class space    used 673K, capacity 720K, committed 768K, reserved 1048576K
GC Heap History (10 events):
Event: 10,107 GC heap after
{Heap after GC invocations=11 (full 0):
 garbage-first heap   total 307200K, used 56448K [0x00000000c0000000, 0x00000000c0100960, 0x0000000100000000)
  region size 1024K, 5 young (5120K), 5 survivors (5120K)
 Metaspace       used 7406K, capacity 7528K, committed 7680K, reserved 1056768K
  class space    used 673K, capacity 720K, committed 768K, reserved 1048576K
}
Event: 10,703 GC heap before
{Heap before GC invocations=11 (full 0):
 garbage-first heap   total 307200K, used 90240K [0x00000000c0000000, 0x00000000c0100960, 0x0000000100000000)
  region size 1024K, 37 young (37888K), 5 survivors (5120K)
 Metaspace       used 7431K, capacity 7528K, committed 7680K, reserved 1056768K
  class space    used 673K, capacity 720K, committed 768K, reserved 1048576K
}
Event: 10,818 GC heap after
{Heap after GC invocations=12 (full 0):
 garbage-first heap   total 528384K, used 62869K [0x00000000c0000000, 0x00000000c0101020, 0x0000000100000000)
  region size 1024K, 5 young (5120K), 5 survivors (5120K)
 Metaspace       used 7431K, capacity 7528K, committed 7680K, reserved 1056768K
  class space    used 673K, capacity 720K, committed 768K, reserved 1048576K
}
Event: 11,267 GC heap before
{Heap before GC invocations=12 (full 0):
 garbage-first heap   total 528384K, used 97685K [0x00000000c0000000, 0x00000000c0101020, 0x0000000100000000)
  region size 1024K, 39 young (39936K), 5 survivors (5120K)
 Metaspace       used 7439K, capacity 7528K, committed 7680K, reserved 1056768K
  class space    used 673K, capacity 720K, committed 768K, reserved 1048576K
}
Event: 11,440 GC heap after
{Heap after GC invocations=13 (full 0):
 garbage-first heap   total 528384K, used 67474K [0x00000000c0000000, 0x00000000c0101020, 0x0000000100000000)
  region size 1024K, 5 young (5120K), 5 survivors (5120K)
 Metaspace       used 7439K, capacity 7528K, committed 7680K, reserved 1056768K
  class space    used 673K, capacity 720K, committed 768K, reserved 1048576K
}
Event: 12,244 GC heap before
{Heap before GC invocations=13 (full 0):
 garbage-first heap   total 528384K, used 104338K [0x00000000c0000000, 0x00000000c0101020, 0x0000000100000000)
  region size 1024K, 41 young (41984K), 5 survivors (5120K)
 Metaspace       used 7455K, capacity 7528K, committed 7680K, reserved 1056768K
  class space    used 673K, capacity 720K, committed 768K, reserved 1048576K
}
Event: 12,360 GC heap after
{Heap after GC invocations=14 (full 0):
 garbage-first heap   total 528384K, used 73216K [0x00000000c0000000, 0x00000000c0101020, 0x0000000100000000)
  region size 1024K, 6 young (6144K), 6 survivors (6144K)
 Metaspace       used 7455K, capacity 7528K, committed 7680K, reserved 1056768K
  class space    used 673K, capacity 720K, committed 768K, reserved 1048576K
}
Event: 13,063 GC heap before
{Heap before GC invocations=14 (full 0):
 garbage-first heap   total 528384K, used 112128K [0x00000000c0000000, 0x00000000c0101020, 0x0000000100000000)
  region size 1024K, 44 young (45056K), 6 survivors (6144K)
 Metaspace       used 7460K, capacity 7592K, committed 7680K, reserved 1056768K
  class space    used 673K, capacity 720K, committed 768K, reserved 1048576K
}
Event: 14,831 GC heap after
{Heap after GC invocations=15 (full 0):
 garbage-first heap   total 528384K, used 79232K [0x00000000c0000000, 0x00000000c0101020, 0x0000000100000000)
  region size 1024K, 6 young (6144K), 6 survivors (6144K)
 Metaspace       used 7460K, capacity 7592K, committed 7680K, reserved 1056768K
  class space    used 673K, capacity 720K, committed 768K, reserved 1048576K
}
Event: 20,241 GC heap before
{Heap before GC invocations=15 (full 0):
 garbage-first heap   total 528384K, used 98688K [0x00000000c0000000, 0x00000000c0101020, 0x0000000100000000)
  region size 1024K, 25 young (25600K), 6 survivors (6144K)
 Metaspace       used 7464K, capacity 7592K, committed 7680K, reserved 1056768K
  class space    used 673K, capacity 720K, committed 768K, reserved 1048576K
}

