# JRE version: OpenJDK Runtime Environment (9.0) (build 9-internal+0-2016-04-14-195246.buildd.src)
# Java VM: OpenJDK 64-Bit Server VM (9-internal+0-2016-04-14-195246.buildd.src, mixed mode, tiered, compressed oops, g1 gc, linux-amd64)
Heap:
 garbage-first heap   total 190464K, used 10118K [0x00000000c0000000, 0x00000000c01005d0, 0x0000000100000000)
  region size 1024K, 1 young (1024K), 1 survivors (1024K)
 Metaspace       used 8429K, capacity 8558K, committed 8832K, reserved 1056768K
  class space    used 794K, capacity 864K, committed 896K, reserved 1048576K
GC Heap History (7 events):
Event: 2,849 GC heap before
{Heap before GC invocations=0 (full 0):
 garbage-first heap   total 63488K, used 7168K [0x00000000c0000000, 0x00000000c01001f0, 0x0000000100000000)
  region size 1024K, 7 young (7168K), 0 survivors (0K)
 Metaspace       used 6788K, capacity 6958K, committed 7168K, reserved 1056768K
  class space    used 687K, capacity 736K, committed 768K, reserved 1048576K
}
Event: 2,869 GC heap after
{Heap after GC invocations=1 (full 0):
 garbage-first heap   total 63488K, used 2789K [0x00000000c0000000, 0x00000000c01001f0, 0x0000000100000000)
  region size 1024K, 1 young (1024K), 1 survivors (1024K)
 Metaspace       used 6788K, capacity 6958K, committed 7168K, reserved 1056768K
  class space    used 687K, capacity 736K, committed 768K, reserved 1048576K
}
Event: 6,178 GC heap before
{Heap before GC invocations=1 (full 0):
 garbage-first heap   total 63488K, used 39653K [0x00000000c0000000, 0x00000000c01001f0, 0x0000000100000000)
  region size 1024K, 37 young (37888K), 1 survivors (1024K)
 Metaspace       used 8368K, capacity 8494K, committed 8576K, reserved 1056768K
  class space    used 794K, capacity 864K, committed 896K, reserved 1048576K
}
Event: 6,219 GC heap after
{Heap after GC invocations=2 (full 0):
 garbage-first heap   total 63488K, used 9127K [0x00000000c0000000, 0x00000000c01001f0, 0x0000000100000000)
  region size 1024K, 5 young (5120K), 5 survivors (5120K)
 Metaspace       used 8368K, capacity 8494K, committed 8576K, reserved 1056768K
  class space    used 794K, capacity 864K, committed 896K, reserved 1048576K
}
Event: 9,765 GC heap before
{Heap before GC invocations=2 (full 0):
 garbage-first heap   total 63488K, used 12199K [0x00000000c0000000, 0x00000000c01001f0, 0x0000000100000000)
  region size 1024K, 8 young (8192K), 5 survivors (5120K)
 Metaspace       used 8373K, capacity 8558K, committed 8832K, reserved 1056768K
  class space    used 794K, capacity 864K, committed 896K, reserved 1048576K
}
Event: 11,993 GC heap after
{Heap after GC invocations=3 (full 0):
 garbage-first heap   total 63488K, used 9912K [0x00000000c0000000, 0x00000000c01001f0, 0x0000000100000000)
  region size 1024K, 1 young (1024K), 1 survivors (1024K)
 Metaspace       used 8373K, capacity 8558K, committed 8832K, reserved 1056768K
  class space    used 794K, capacity 864K, committed 896K, reserved 1048576K
}
Event: 13,924 GC heap before
{Heap before GC invocations=3 (full 0):
 garbage-first heap   total 63488K, used 11960K [0x00000000c0000000, 0x00000000c01001f0, 0x0000000100000000)
  region size 1024K, 3 young (3072K), 1 survivors (1024K)
 Metaspace       used 8429K, capacity 8558K, committed 8832K, reserved 1056768K
  class space    used 794K, capacity 864K, committed 896K, reserved 1048576K
}

